[2025-09-01 10:33:07,880] INFO: - Server started on port 8080
[2025-09-01 10:33:38,130] INFO: - Action: Request to main page
[2025-09-01 10:33:38,140] INFO: - Action: Request to main page
[2025-09-01 10:33:38,142] INFO: - Action: Request to main page
[2025-09-01 10:33:38,144] INFO: - Action: Request to main page
[2025-09-01 10:33:38,147] INFO: - Action: Request to main page
[2025-09-01 10:34:16,000] INFO: - Server stopped
[2025-09-01 10:34:18,606] INFO: - Server started on port 8080
[2025-09-01 10:34:40,209] INFO: - Server stopped
[2025-09-01 10:37:31,904] INFO: - Server started on port 8080
[2025-09-01 10:37:46,989] INFO: - Action: Request to main page
[2025-09-01 10:37:48,029] INFO: - Action: Request to main page
[2025-09-01 10:37:48,030] INFO: - Action: Request to main page
[2025-09-01 10:37:48,032] INFO: - Action: Request to main page
[2025-09-01 10:37:53,053] INFO: - Action: Request to main page
[2025-09-01 10:38:23,066] INFO: - Action: Request to main page
[2025-09-01 10:38:23,068] INFO: - Action: Request to main page
[2025-09-01 10:38:23,069] INFO: - Action: Request to main page
[2025-09-01 10:38:33,415] INFO: - Action: Request to main page
[2025-09-01 10:38:34,438] INFO: - Action: Request to main page
[2025-09-01 10:38:34,441] INFO: - Action: Request to main page
[2025-09-01 10:38:34,443] INFO: - Action: Request to main page
[2025-09-01 10:38:39,462] INFO: - Action: Request to main page
[2025-09-01 10:39:09,480] INFO: - Action: Request to main page
[2025-09-01 10:39:56,044] INFO: - Server stopped
[2025-09-01 10:40:29,177] INFO: - Server started on port 8080
[2025-09-01 10:40:35,627] INFO: - Action: Request to main page
[2025-09-01 10:40:36,653] INFO: - Action: Request to main page
[2025-09-01 10:40:36,654] INFO: - Action: Request to main page
[2025-09-01 10:40:41,669] INFO: - Action: Request to main page
[2025-09-01 10:40:41,671] INFO: - Action: Request to main page
[2025-09-01 10:40:41,673] INFO: - Action: Request to main page
[2025-09-01 10:41:11,688] INFO: - Action: Request to main page
[2025-09-01 10:42:11,709] INFO: - Action: Request to main page
[2025-09-01 10:42:47,225] INFO: - Server stopped
[2025-09-01 10:42:48,622] INFO: - Server started on port 8080
[2025-09-01 10:42:53,858] INFO: - Action: Request to main page
[2025-09-01 10:47:35,209] INFO: - Server stopped
[2025-09-01 10:47:36,467] INFO: - Server started on port 8080
[2025-09-01 10:47:42,210] INFO: - Action: Request to main page
[2025-09-01 10:47:44,407] INFO: - Action: Request to main page
[2025-09-01 10:49:55,032] INFO: - Server stopped
[2025-09-01 10:49:56,094] INFO: - Server started on port 8080
[2025-09-01 10:50:00,639] INFO: - Action: Request to main page
[2025-09-01 10:51:02,902] INFO: - Server stopped
[2025-09-01 10:51:07,841] INFO: - Server started on port 8080
[2025-09-01 10:51:13,002] INFO: - Action: Received request to upload a file
[2025-09-01 10:51:24,762] INFO: - Server stopped
[2025-09-01 10:54:37,194] INFO: - Server started on port 8080
[2025-09-01 10:54:44,054] INFO: - Action: Request to main page
[2025-09-01 10:55:36,898] INFO: - Server stopped
[2025-09-01 22:41:45,927] INFO: - Server started on port 8080
[2025-09-01 22:42:13,597] INFO: - Action: Request for file static/index.html received
[2025-09-01 22:42:13,606] INFO: - Action: Request for file static/style.css received
[2025-09-01 22:42:13,608] INFO: - Action: Request for file static/script.js received
[2025-09-01 22:47:01,456] INFO: - Server stopped
[2025-09-01 22:47:03,129] INFO: - Server started on port 8080
[2025-09-01 22:47:08,791] INFO: - Action: Request for file static/index.html received
[2025-09-01 22:47:08,800] INFO: - Action: Request for file static/style.css received
[2025-09-01 22:47:08,800] INFO: - Action: Request for file static/script.js received
[2025-09-01 22:47:08,813] INFO: - Action: Request for file static/assets/images/dog3.png received
[2025-09-01 22:47:54,169] INFO: - Action: Request for file static/index.html received
[2025-09-01 22:47:54,184] INFO: - Action: Request for file static/style.css received
[2025-09-01 22:47:54,185] INFO: - Action: Request for file static/script.js received
[2025-09-01 22:47:54,199] INFO: - Action: Request for file static/assets/images/dog3.png received
[2025-09-01 22:47:56,481] INFO: - Action: Request for file static/index.html received
[2025-09-01 22:47:56,491] INFO: - Action: Request for file static/style.css received
[2025-09-01 22:47:56,493] INFO: - Action: Request for file static/script.js received
[2025-09-01 22:47:56,506] INFO: - Action: Request for file static/assets/images/dog3.png received
[2025-09-01 22:48:15,250] INFO: - Action: Request for file static/index.html received
[2025-09-01 22:48:15,262] INFO: - Action: Request for file static/style.css received
[2025-09-01 22:48:15,263] INFO: - Action: Request for file static/script.js received
[2025-09-01 22:48:15,272] INFO: - Action: Request for file static/assets/images/bird.png received
[2025-09-01 22:48:16,810] INFO: - Action: Request for file static/index.html received
[2025-09-01 22:48:16,820] INFO: - Action: Request for file static/style.css received
[2025-09-01 22:48:16,820] INFO: - Action: Request for file static/script.js received
[2025-09-01 22:48:16,832] INFO: - Action: Request for file static/assets/images/dog1.png received
[2025-09-01 22:48:17,926] INFO: - Action: Request for file static/index.html received
[2025-09-01 22:48:17,939] INFO: - Action: Request for file static/style.css received
[2025-09-01 22:48:17,939] INFO: - Action: Request for file static/script.js received
[2025-09-01 22:48:17,945] INFO: - Action: Request for file static/assets/images/dog2.png received
[2025-09-01 22:52:16,053] INFO: - Action: Image 'test_image.png' (saved as  '11be5003ebf147edaca88eeafa25aa18.png') successfully uploaded. Link: /images/11be5003ebf147edaca88eeafa25aa18.png
[2025-09-01 22:52:32,441] INFO: - Action: Request for file static/index.html received
[2025-09-01 22:52:32,456] INFO: - Action: Request for file static/style.css received
[2025-09-01 22:52:32,456] INFO: - Action: Request for file static/script.js received
[2025-09-01 22:52:32,466] INFO: - Action: Request for file static/assets/images/dog2.png received
[2025-09-01 22:58:23,799] INFO: - Server stopped
[2025-09-01 23:08:26,763] INFO: - Server started on port 8080
[2025-09-01 23:08:41,605] INFO: - Action: Request for file static/index.html received
[2025-09-01 23:08:41,616] INFO: - Action: Request for file static/style.css received
[2025-09-01 23:08:41,617] INFO: - Action: Request for file static/script.js received
[2025-09-01 23:08:41,627] INFO: - Action: Request for file static/assets/images/dog3.png received
[2025-09-01 23:11:14,196] INFO: - Server started on port 8080
[2025-09-01 23:11:18,194] INFO: - Action: Request for file static/index.html received
[2025-09-01 23:11:18,207] INFO: - Action: Request for file static/style.css received
[2025-09-01 23:11:18,207] INFO: - Action: Request for file static/script.js received
[2025-09-01 23:11:18,217] INFO: - Action: Request for file static/assets/images/bird.png received
[2025-09-01 23:11:46,195] INFO: - Action: Request for file static/index.html received
[2025-09-01 23:11:46,205] INFO: - Action: Request for file static/style.css received
[2025-09-01 23:11:46,207] INFO: - Action: Request for file static/script.js received
[2025-09-01 23:11:46,215] INFO: - Action: Request for file static/assets/images/dog2.png received
[2025-09-01 23:11:46,338] INFO: - Action: Request for file static/index.html received
[2025-09-01 23:11:46,349] INFO: - Action: Request for file static/style.css received
[2025-09-01 23:11:46,349] INFO: - Action: Request for file static/script.js received
[2025-09-01 23:11:46,360] INFO: - Action: Request for file static/assets/images/dog1.png received
[2025-09-01 23:11:52,456] INFO: - Action: Request for file static/index.html received
[2025-09-01 23:11:52,469] INFO: - Action: Request for file static/style.css received
[2025-09-01 23:11:52,470] INFO: - Action: Request for file static/script.js received
[2025-09-01 23:11:52,481] INFO: - Action: Request for file static/assets/images/dog1.png received
[2025-09-01 23:13:34,710] INFO: - Server stopped
[2025-09-02 22:29:20,529] INFO: - Server started on port 8080
[2025-09-02 22:29:52,253] INFO: - Action: Request for file static/index.html received
[2025-09-02 22:29:52,263] INFO: - Action: Request for file static/style.css received
[2025-09-02 22:29:52,263] INFO: - Action: Request for file static/script.js received
[2025-09-02 22:29:52,280] INFO: - Action: Request for file static/assets/images/dog3.png received
[2025-09-02 22:29:52,331] WARNING: - Action: Error to send file static/favicon.ico occurred
[2025-09-02 22:32:14,413] INFO: - Action: Request for file static/style.css received
[2025-09-02 22:32:14,417] WARNING: - Action: Error to send file static/.well-known/appspecific/com.chrome.devtools.json occurred
[2025-09-02 22:32:52,331] INFO: - Server stopped
